Initializing the problem ...
Initialized the problem after 00:00:00.

Dimensions:
==========================
 T    N     F    K1    MD 
---  ----  ---  ----  ----
10   2439  18    5     12 
==========================

Formulations:
=========================================================
     Column Indices:         0     1      2     3     4  
--------------------------  ---  ------  ----  ---  -----
X1: Linear Characteristics   1   prices  hpwt  mpd  space
=========================================================
Solving the problem ...
Updating the weighting matrix ...
Computed results after 00:00:00.

Problem Results Summary:
==========================================
GMM   Objective  Clipped  Weighting Matrix
Step    Value    Shares   Condition Number
----  ---------  -------  ----------------
 1    +1.4E+03      0         +1.1E+09    
==========================================

Estimating standard errors ...
Computed results after 00:00:00.

Problem Results Summary:
=============================================================
GMM   Objective  Clipped  Weighting Matrix  Covariance Matrix
Step    Value    Shares   Condition Number  Condition Number 
----  ---------  -------  ----------------  -----------------
 2    +3.5E+02      0         +1.1E+09          +1.9E+06     
=============================================================

Cumulative Statistics:
========================
Computation   Objective 
   Time      Evaluations
-----------  -----------
 00:00:00         2     
========================

Beta Estimates (Robust SEs in Parentheses):
==========================================================
    1         prices       hpwt        mpd        space   
----------  ----------  ----------  ----------  ----------
 -1.2E+01    -2.3E-02    +1.1E+00    +3.5E+00    +6.8E-01 
(+7.9E-01)  (+2.3E-02)  (+1.2E+00)  (+2.9E-01)  (+7.5E-01)
==========================================================
Initializing the problem ...
Absorbing demand-side fixed effects ...
Initialized the problem after 00:00:00.

Dimensions:
==============================================================
 T    N     F     I     K1    K2    K3    D    MD    MS    ED 
---  ----  ---  -----  ----  ----  ----  ---  ----  ----  ----
10   2439  18   31250   3     2     5     1    11    15    1  
==============================================================

Formulations:
===============================================================================
       Column Indices:            0          1         2          3         4  
-----------------------------  --------  ---------  --------  ----------  -----
 X1: Linear Characteristics      hpwt       mpd      space                     
X2: Nonlinear Characteristics     1       prices                               
X3: Log Cost Characteristics      1      log(hpwt)  log(mpg)  log(space)  trend
       d: Demographics         1/income                                        
===============================================================================
Solving the problem ...

Nonlinear Coefficient Initial Values:
===============================================
Sigma:     1       prices   |   Pi:    1/income
------  --------  --------  |  ------  --------
  1     +1.5E+00            |    1     +0.0E+00
prices  +0.0E+00  +0.0E+00  |  prices  -1.4E+01
===============================================

Nonlinear Coefficient Lower Bounds:
===============================================
Sigma:     1       prices   |   Pi:    1/income
------  --------  --------  |  ------  --------
  1     +0.0E+00            |    1     +0.0E+00
prices  +0.0E+00  +0.0E+00  |  prices  -1.0E+02
===============================================

Nonlinear Coefficient Upper Bounds:
===============================================
Sigma:     1       prices   |   Pi:    1/income
------  --------  --------  |  ------  --------
  1     +1.0E+02            |    1     +0.0E+00
prices  +0.0E+00  +0.0E+00  |  prices  -1.0E-01
===============================================

Updating starting values for the weighting matrix and delta ...
Computed results after 00:00:13.

Starting optimization ...

GMM   Optimization   Objective   Fixed Point  Contraction  Clipped  Clipped  Objective   Objective     Projected                      
Step   Iterations   Evaluations  Iterations   Evaluations  Shares    Costs     Value    Improvement  Gradient Norm        Theta       
----  ------------  -----------  -----------  -----------  -------  -------  ---------  -----------  -------------  ------------------
 1         0             1            0           10          0        0     +1.1E+02                  +3.7E+00     +1.5E+00, -1.4E+01
 1         0             2           114          350         0        0     +1.5E+02                  +5.5E+01     +5.0E+00, -1.0E+01
 1         0             3           108          331         0        0     +1.1E+02    +6.3E+00      +4.8E+00     +2.6E+00, -1.3E+01
 1         0             4           104          323         0        0     +1.1E+02                  +1.1E+01     +3.8E+00, -1.2E+01
 1         0             5           107          330         0        0     +1.0E+02    +3.0E+00      +9.0E-01     +3.2E+00, -1.2E+01
 1         1             6           103          316         0        0     +1.1E+02                  +7.2E+00     +3.8E+00, -1.2E+01
 1         1             7           102          317         0        0     +1.0E+02    +4.2E-02      +4.4E-01     +3.3E+00, -1.2E+01
 1         2             8           105          323         0        0     +1.0E+02    +7.9E-02      +4.7E-01     +3.4E+00, -1.2E+01
 1         2             9           119          367         0        0     +1.0E+02    +2.7E-01      +9.0E-01     +3.7E+00, -1.3E+01
 1         3            10           109          339         0        0     +1.0E+02                  +6.9E+00     +5.1E+00, -1.8E+01
 1         3            11           103          319         0        0     +1.0E+02    +5.0E-01      +2.5E+00     +4.2E+00, -1.5E+01
 1         4            12           106          329         0        0     +1.0E+02    +2.4E-01      +1.5E+00     +4.5E+00, -1.6E+01
 1         5            13           105          324         0        0     +1.0E+02    +5.9E-02      +8.6E-01     +4.3E+00, -1.6E+01
 1         6            14           109          339         0        0     +1.0E+02    +2.5E-02      +1.9E-02     +4.4E+00, -1.6E+01
 1         7            15           107          330         0        0     +1.0E+02    +1.8E-04      +2.3E-03     +4.4E+00, -1.6E+01
 1         8            16           110          337         0        0     +1.0E+02    +6.4E-07      +3.8E-06     +4.4E+00, -1.6E+01

Optimization completed after 00:03:21.
Computing the Hessian and and updating the weighting matrix ...
Computed results after 00:01:04.

Problem Results Summary:
====================================================================================================
GMM   Objective    Projected    Reduced Hessian  Reduced Hessian  Clipped  Clipped  Weighting Matrix
Step    Value    Gradient Norm  Min Eigenvalue   Max Eigenvalue   Shares    Costs   Condition Number
----  ---------  -------------  ---------------  ---------------  -------  -------  ----------------
 1    +1.0E+02     +3.8E-06        +3.8E-01         +2.0E+01         0        0         +5.1E+10    
====================================================================================================

Starting optimization ...

GMM   Optimization   Objective   Fixed Point  Contraction  Clipped  Clipped  Objective   Objective     Projected                      
Step   Iterations   Evaluations  Iterations   Evaluations  Shares    Costs     Value    Improvement  Gradient Norm        Theta       
----  ------------  -----------  -----------  -----------  -------  -------  ---------  -----------  -------------  ------------------
 2         0             1            0           10          0        0     +1.0E+02                  +4.2E-01     +4.4E+00, -1.6E+01
 2         0             2           102          316         0        0     +1.0E+02                  +4.2E+00     +4.2E+00, -1.6E+01
 2         0             3           94           293         0        0     +1.0E+02    +1.8E-02      +6.3E-01     +4.3E+00, -1.6E+01
 2         1             4           104          318         0        0     +1.0E+02    +2.3E-02      +5.9E-01     +4.4E+00, -1.6E+01
 2         1             5           109          335         0        0     +1.0E+02    +8.1E-02      +4.3E-01     +4.4E+00, -1.6E+01
 2         2             6           117          363         0        0     +1.0E+02    +9.6E-02      +1.5E-01     +4.7E+00, -1.7E+01
 2         3             7           114          350         0        0     +1.0E+02    +3.7E-03      +1.3E-02     +4.6E+00, -1.7E+01
 2         4             8           116          356         0        0     +1.0E+02    +3.7E-05      +1.4E-04     +4.6E+00, -1.7E+01
 2         5             9           115          355         0        0     +1.0E+02    +8.3E-09      +2.9E-06     +4.6E+00, -1.7E+01

Optimization completed after 00:01:52.
Computing the Hessian and estimating standard errors ...
Computed results after 00:01:05.

Problem Results Summary:
=======================================================================================================================
GMM   Objective    Projected    Reduced Hessian  Reduced Hessian  Clipped  Clipped  Weighting Matrix  Covariance Matrix
Step    Value    Gradient Norm  Min Eigenvalue   Max Eigenvalue   Shares    Costs   Condition Number  Condition Number 
----  ---------  -------------  ---------------  ---------------  -------  -------  ----------------  -----------------
 2    +1.0E+02     +2.9E-06        +4.1E-01         +1.9E+01         0        0         +6.0E+10          +3.2E+06     
=======================================================================================================================

Cumulative Statistics:
===========================================================================
Computation  Optimizer  Optimization   Objective   Fixed Point  Contraction
   Time      Converged   Iterations   Evaluations  Iterations   Evaluations
-----------  ---------  ------------  -----------  -----------  -----------
 00:07:33       Yes          15           28          2812         8695    
===========================================================================

Nonlinear Coefficient Estimates (Robust SEs Adjusted for 379 Clusters in Parentheses):
===================================================
Sigma:      1        prices   |   Pi:     1/income 
------  ----------  --------  |  ------  ----------
  1      +4.6E+00             |    1      +0.0E+00 
        (+9.4E-01)            |                    
                              |                    
prices   +0.0E+00   +0.0E+00  |  prices   -1.7E+01 
                              |          (+2.2E+00)
===================================================

Beta Estimates (Robust SEs Adjusted for 379 Clusters in Parentheses):
==================================
   hpwt        mpd        space   
----------  ----------  ----------
 +6.0E+00    +2.5E+00    +3.0E+00 
(+1.3E+00)  (+2.6E-01)  (+8.2E-01)
==================================

Gamma Estimates (Robust SEs Adjusted for 379 Clusters in Parentheses):
==========================================================
    1       log(hpwt)    log(mpg)   log(space)    trend   
----------  ----------  ----------  ----------  ----------
 +3.6E+00    +7.4E-01    -2.4E-01    +1.6E+00    +4.7E-03 
(+8.3E-02)  (+5.9E-02)  (+6.6E-02)  (+8.2E-02)  (+2.8E-03)
==========================================================
Computing optimal instruments for theta ...
Computed optimal instruments after 00:00:15.

Optimal Instrument Results Summary:
=================================================
Computation  Error Term  Fixed Point  Contraction
   Time        Draws     Iterations   Evaluations
-----------  ----------  -----------  -----------
 00:00:15        1           199          199    
=================================================
Re-creating the problem ...
Absorbing demand-side fixed effects ...
Re-created the problem after 00:00:00.

Dimensions:
==============================================================
 T    N     F     I     K1    K2    K3    D    MD    MS    ED 
---  ----  ---  -----  ----  ----  ----  ---  ----  ----  ----
10   2439  18   31250   3     2     5     1    9     10    1  
==============================================================

Formulations:
===============================================================================
       Column Indices:            0          1         2          3         4  
-----------------------------  --------  ---------  --------  ----------  -----
 X1: Linear Characteristics      hpwt       mpd      space                     
X2: Nonlinear Characteristics     1       prices                               
X3: Log Cost Characteristics      1      log(hpwt)  log(mpg)  log(space)  trend
       d: Demographics         1/income                                        
===============================================================================
Solving the problem ...

Nonlinear Coefficient Initial Values:
===============================================
Sigma:     1       prices   |   Pi:    1/income
------  --------  --------  |  ------  --------
  1     +4.6E+00            |    1     +0.0E+00
prices  +0.0E+00  +0.0E+00  |  prices  -1.7E+01
===============================================

Nonlinear Coefficient Lower Bounds:
===============================================
Sigma:     1       prices   |   Pi:    1/income
------  --------  --------  |  ------  --------
  1       -INF              |    1     +0.0E+00
prices  +0.0E+00  +0.0E+00  |  prices    -INF  
===============================================

Nonlinear Coefficient Upper Bounds:
===============================================
Sigma:     1       prices   |   Pi:    1/income
------  --------  --------  |  ------  --------
  1       +INF              |    1     +0.0E+00
prices  +0.0E+00  +0.0E+00  |  prices    +INF  
===============================================

Starting optimization ...

GMM   Optimization   Objective   Fixed Point  Contraction  Clipped  Objective   Objective   Gradient                    
Step   Iterations   Evaluations  Iterations   Evaluations  Shares     Value    Improvement    Norm          Theta       
----  ------------  -----------  -----------  -----------  -------  ---------  -----------  --------  ------------------
 1         0             1           123          377         0     +9.9E+01                +1.2E+01  +4.6E+00, -1.7E+01
 1         0             2           115          353         0     +9.5E+01    +3.9E+00    +9.3E+00  +3.7E+00, -1.7E+01
 1         1             3           105          325         0     +8.7E+01    +7.7E+00    +8.6E+00  +3.5E+00, -1.6E+01
 1         1             4           90           281         0     +5.9E+01    +2.9E+01    +5.7E+00  +2.6E+00, -1.1E+01
 1         2             5           49           151         0     +2.1E+01    +3.7E+01    +1.6E+01  -3.5E-01, +5.8E-01
 1         2             6           72           225         0     +4.2E+01                +2.5E+00  +1.8E+00, -8.0E+00
 1         3             7           55           174         0     +4.3E+01                +4.8E+00  +9.6E-01, -4.8E+00
 1         3             8           65           203         0     +4.0E+01                +4.5E-01  +1.4E+00, -6.4E+00
 1         4             9           64           199         0     +3.9E+01                +5.8E-01  +1.4E+00, -6.3E+00
 1         5            10           64           199         0     +3.9E+01                +5.8E-01  +1.4E+00, -6.3E+00
 1         5            11           65           200         0     +3.9E+01                +5.5E-01  +1.4E+00, -6.1E+00
 1         6            12           65           200         0     +3.9E+01                +1.8E-01  +1.6E+00, -6.0E+00
 1         7            13           65           201         0     +3.9E+01                +3.7E-02  +1.6E+00, -6.0E+00
 1         8            14           65           201         0     +3.9E+01                +3.1E-03  +1.6E+00, -6.1E+00
 1         9            15           65           200         0     +3.9E+01                +1.4E-04  +1.6E+00, -6.1E+00
 1         10           16           65           200         0     +3.9E+01                +2.5E-06  +1.6E+00, -6.1E+00

Optimization completed after 00:03:07.
Computing the Hessian and estimating standard errors ...
Computed results after 00:00:57.

Problem Results Summary:
=======================================================================================================
GMM   Objective  Gradient      Hessian         Hessian     Clipped  Weighting Matrix  Covariance Matrix
Step    Value      Norm    Min Eigenvalue  Max Eigenvalue  Shares   Condition Number  Condition Number 
----  ---------  --------  --------------  --------------  -------  ----------------  -----------------
 1    +3.9E+01   +2.5E-06     +1.4E+00        +3.8E+00        0         +3.1E+06          +3.9E+06     
=======================================================================================================

Cumulative Statistics:
===========================================================================
Computation  Optimizer  Optimization   Objective   Fixed Point  Contraction
   Time      Converged   Iterations   Evaluations  Iterations   Evaluations
-----------  ---------  ------------  -----------  -----------  -----------
 00:04:04       Yes          11           17          1257         3889    
===========================================================================

Nonlinear Coefficient Estimates (Robust SEs in Parentheses):
===================================================
Sigma:      1        prices   |   Pi:     1/income 
------  ----------  --------  |  ------  ----------
  1      +1.6E+00             |    1      +0.0E+00 
        (+8.2E-01)            |                    
                              |                    
prices   +0.0E+00   +0.0E+00  |  prices   -6.1E+00 
                              |          (+1.7E+00)
===================================================

Beta Estimates (Robust SEs in Parentheses):
==================================
   hpwt        mpd        space   
----------  ----------  ----------
 +3.7E+00    +1.4E+00    +1.2E+00 
(+9.9E-01)  (+2.8E-01)  (+4.5E-01)
==================================

Gamma Estimates (Robust SEs in Parentheses):
==========================================================
    1       log(hpwt)    log(mpg)   log(space)    trend   
----------  ----------  ----------  ----------  ----------
 +3.6E+00    +6.1E-01    -6.0E-01    +1.9E+00    +1.4E-02 
(+1.2E-01)  (+7.2E-02)  (+5.5E-02)  (+2.1E-01)  (+3.5E-03)
==========================================================
