Detected collinearity issues with [demand_instruments0, demand_instruments2, demand_instruments3] and at least one other column in ZD. Absorbed fixed effects may be creating collinearity problems. To disable collinearity checks, set options.collinear_atol = options.collinear_rtol = 0.
Detected collinearity issues with [demand_instruments0, demand_instruments2, demand_instruments3] and at least one other column in ZS. To disable collinearity checks, set options.collinear_atol = options.collinear_rtol = 0.
Detected that the 2SLS weighting matrix is nearly singular with condition number +1.0E+34. To disable singularity checks, set options.singular_tol = numpy.inf.
Detected that the estimated covariance matrix of aggregate GMM moments is nearly singular with condition number +5.5E+33. To disable singularity checks, set options.singular_tol = numpy.inf.
Detected that the estimated covariance matrix of aggregate GMM moments is nearly singular with condition number +1.8E+33. To disable singularity checks, set options.singular_tol = numpy.inf.
Initializing the problem ...
Initialized the problem after 00:00:00.

Dimensions:
==========================
 T    N     F    K1    MD 
---  ----  ---  ----  ----
10   2439  18    5     12 
==========================

Formulations:
=========================================================
     Column Indices:         0     1      2     3     4  
--------------------------  ---  ------  ----  ---  -----
X1: Linear Characteristics   1   prices  hpwt  mpd  space
=========================================================
Solving the problem ...
Updating the weighting matrix ...
Computed results after 00:00:00.

Problem Results Summary:
==========================================
GMM   Objective  Clipped  Weighting Matrix
Step    Value    Shares   Condition Number
----  ---------  -------  ----------------
 1    +1.4E+03      0         +1.1E+09    
==========================================

Estimating standard errors ...
Computed results after 00:00:00.

Problem Results Summary:
=============================================================
GMM   Objective  Clipped  Weighting Matrix  Covariance Matrix
Step    Value    Shares   Condition Number  Condition Number 
----  ---------  -------  ----------------  -----------------
 2    +3.5E+02      0         +1.1E+09          +1.9E+06     
=============================================================

Cumulative Statistics:
========================
Computation   Objective 
   Time      Evaluations
-----------  -----------
 00:00:00         2     
========================

Beta Estimates (Robust SEs in Parentheses):
==========================================================
    1         prices       hpwt        mpd        space   
----------  ----------  ----------  ----------  ----------
 -1.2E+01    -2.3E-02    +1.1E+00    +3.5E+00    +6.8E-01 
(+7.9E-01)  (+2.3E-02)  (+1.2E+00)  (+2.9E-01)  (+7.5E-01)
==========================================================
Initializing the problem ...
Absorbing demand-side fixed effects ...
Initialized the problem after 00:00:00.

Dimensions:
==============================================================
 T    N     F     I     K1    K2    K3    D    MD    MS    ED 
---  ----  ---  -----  ----  ----  ----  ---  ----  ----  ----
10   2439  18   31250   3     5     5     1    11    15    1  
==============================================================

Formulations:
===============================================================================
       Column Indices:            0          1         2          3         4  
-----------------------------  --------  ---------  --------  ----------  -----
 X1: Linear Characteristics      hpwt       mpd      space                     
X2: Nonlinear Characteristics     1       prices      hpwt       mpd      space
X3: Log Cost Characteristics      1      log(hpwt)  log(mpg)  log(space)  trend
       d: Demographics         1/income                                        
===============================================================================
Solving the problem ...

Nonlinear Coefficient Initial Values:
=============================================================================
Sigma:     1       prices     hpwt      mpd      space    |   Pi:    1/income
------  --------  --------  --------  --------  --------  |  ------  --------
  1     +1.5E+00                                          |    1     +0.0E+00
prices  +0.0E+00  +0.0E+00                                |  prices  -1.4E+01
 hpwt   +0.0E+00  +0.0E+00  +8.5E+00                      |   hpwt   +0.0E+00
 mpd    +0.0E+00  +0.0E+00  +0.0E+00  +8.5E+00            |   mpd    +0.0E+00
space   +0.0E+00  +0.0E+00  +0.0E+00  +0.0E+00  +8.5E+00  |  space   +0.0E+00
=============================================================================

Nonlinear Coefficient Lower Bounds:
=============================================================================
Sigma:     1       prices     hpwt      mpd      space    |   Pi:    1/income
------  --------  --------  --------  --------  --------  |  ------  --------
  1     +0.0E+00                                          |    1     +0.0E+00
prices  +0.0E+00  +0.0E+00                                |  prices  -1.0E+02
 hpwt   +0.0E+00  +0.0E+00  +0.0E+00                      |   hpwt   +0.0E+00
 mpd    +0.0E+00  +0.0E+00  +0.0E+00  +0.0E+00            |   mpd    +0.0E+00
space   +0.0E+00  +0.0E+00  +0.0E+00  +0.0E+00  +0.0E+00  |  space   +0.0E+00
=============================================================================

Nonlinear Coefficient Upper Bounds:
=============================================================================
Sigma:     1       prices     hpwt      mpd      space    |   Pi:    1/income
------  --------  --------  --------  --------  --------  |  ------  --------
  1     +1.0E+02                                          |    1     +0.0E+00
prices  +0.0E+00  +0.0E+00                                |  prices  -1.0E-01
 hpwt   +0.0E+00  +0.0E+00  +1.0E+02                      |   hpwt   +0.0E+00
 mpd    +0.0E+00  +0.0E+00  +0.0E+00  +1.0E+02            |   mpd    +0.0E+00
space   +0.0E+00  +0.0E+00  +0.0E+00  +0.0E+00  +1.0E+02  |  space   +0.0E+00
=============================================================================

Updating starting values for the weighting matrix and delta ...
Computed results after 00:00:21.

Starting optimization ...

GMM   Optimization   Objective   Fixed Point  Contraction  Clipped  Clipped  Objective   Objective     Projected                                                    
Step   Iterations   Evaluations  Iterations   Evaluations  Shares    Costs     Value    Improvement  Gradient Norm                       Theta                      
----  ------------  -----------  -----------  -----------  -------  -------  ---------  -----------  -------------  ------------------------------------------------
 1         0             1            0           10          0        0     +4.3E+02                  +6.3E+01     +1.5E+00, +8.5E+00, +8.5E+00, +8.5E+00, -1.4E+01
 1         0             2           177          541         0        0     +1.4E+02    +2.9E+02      +2.1E+01     +0.0E+00, +1.8E+01, +0.0E+00, +0.0E+00, -1.8E+01
 1         1             3           156          477         0        0     +9.0E+01    +4.6E+01      +2.3E+00     +0.0E+00, +1.4E+01, +0.0E+00, +0.0E+00, -2.0E+01
 1         2             4           156          478         0        0     +8.9E+01    +9.8E-01      +1.5E+00     +0.0E+00, +1.3E+01, +8.0E-02, +0.0E+00, -2.0E+01
 1         3             5           164          501         0        0     +8.8E+01    +1.0E+00      +1.2E+00     +2.2E-02, +1.2E+01, +0.0E+00, +3.5E-02, -1.9E+01
 1         4             6           157          478         0        0     +8.7E+01    +1.7E-01      +1.2E+00     +0.0E+00, +1.2E+01, +9.4E-02, +0.0E+00, -1.9E+01
 1         5             7           149          460         0        0     +8.7E+01    +2.2E-01      +1.2E+00     +0.0E+00, +1.2E+01, +9.0E-02, +0.0E+00, -1.9E+01
 1         6             8           152          465         0        0     +8.7E+01    +5.5E-01      +1.0E-01     +0.0E+00, +1.1E+01, +0.0E+00, +0.0E+00, -1.7E+01
 1         7             9           146          446         0        0     +8.7E+01    +4.8E-03      +2.1E-02     +1.0E-03, +1.1E+01, +0.0E+00, +0.0E+00, -1.7E+01
 1         8            10           147          450         0        0     +8.7E+01    +1.5E-04      +7.6E-05     +0.0E+00, +1.1E+01, +0.0E+00, +0.0E+00, -1.7E+01
 1         9            11           146          449         0        0     +8.7E+01    +5.9E-09      +4.7E-05     +2.3E-06, +1.1E+01, +0.0E+00, +0.0E+00, -1.7E+01

Optimization completed after 00:03:22.
Computing the Hessian and and updating the weighting matrix ...
Computed results after 00:03:25.

Problem Results Summary:
====================================================================================================
GMM   Objective    Projected    Reduced Hessian  Reduced Hessian  Clipped  Clipped  Weighting Matrix
Step    Value    Gradient Norm  Min Eigenvalue   Max Eigenvalue   Shares    Costs   Condition Number
----  ---------  -------------  ---------------  ---------------  -------  -------  ----------------
 1    +8.7E+01     +4.7E-05        +0.0E+00         +2.1E+01         0        0         +5.0E+10    
====================================================================================================

Starting optimization ...

GMM   Optimization   Objective   Fixed Point  Contraction  Clipped  Clipped  Objective   Objective     Projected                                                    
Step   Iterations   Evaluations  Iterations   Evaluations  Shares    Costs     Value    Improvement  Gradient Norm                       Theta                      
----  ------------  -----------  -----------  -----------  -------  -------  ---------  -----------  -------------  ------------------------------------------------
 2         0             1            0           10          0        0     +1.1E+02                  +1.5E+00     +2.3E-06, +1.1E+01, +0.0E+00, +0.0E+00, -1.7E+01
 2         0             2           131          400         0        0     +1.1E+02                  +2.9E+00     +0.0E+00, +9.2E+00, +0.0E+00, +3.9E-16, -1.7E+01
 2         0             3           127          390         0        0     +1.1E+02    +3.8E-01      +6.3E-01     +1.6E-06, +1.0E+01, +0.0E+00, +1.2E-16, -1.7E+01
 2         1             4           128          397         0        0     +1.1E+02    +1.1E-01      +6.0E-01     +0.0E+00, +1.0E+01, +0.0E+00, +0.0E+00, -1.7E+01
 2         2             5           107          329         0        0     +1.1E+02    +1.9E+00      +8.9E-01     +0.0E+00, +7.4E+00, +0.0E+00, +0.0E+00, -1.3E+01
 2         3             6           96           294         0        0     +1.1E+02                  +1.9E+00     +0.0E+00, +5.4E+00, +0.0E+00, +0.0E+00, -1.0E+01
 2         3             7           106          328         0        0     +1.1E+02    +2.2E-01      +8.9E-01     +0.0E+00, +6.7E+00, +0.0E+00, +0.0E+00, -1.2E+01
 2         4             8           105          325         0        0     +1.1E+02    +2.9E-01      +4.4E-01     +0.0E+00, +6.0E+00, +3.3E-15, +0.0E+00, -1.2E+01
 2         5             9           97           303         0        0     +1.1E+02    +1.2E-01      +1.2E-01     +0.0E+00, +5.7E+00, +0.0E+00, +0.0E+00, -1.2E+01
 2         6            10           99           310         0        0     +1.1E+02    +1.5E-02      +1.7E-01     +7.7E-07, +5.1E+00, +1.5E-15, +2.6E-16, -1.1E+01
 2         7            11           98           299         0        0     +1.1E+02    +1.2E-02      +1.6E-02     +0.0E+00, +5.3E+00, +0.0E+00, +0.0E+00, -1.1E+01
 2         8            12           99           306         0        0     +1.1E+02    +4.3E-04      +3.6E-03     +0.0E+00, +5.2E+00, +0.0E+00, +0.0E+00, -1.1E+01
 2         9            13           98           304         0        0     +1.1E+02    +1.9E-05      +2.1E-04     +6.8E-08, +5.2E+00, +0.0E+00, +1.9E-15, -1.1E+01
 2         10           14           97           302         0        0     +1.1E+02    +1.4E-08      +8.8E-06     +0.0E+00, +5.2E+00, +0.0E+00, +0.0E+00, -1.1E+01

Optimization completed after 00:04:00.
Computing the Hessian and estimating standard errors ...

Failed to compute standard errors because of invalid estimated covariances of GMM parameters.

Computed results after 00:03:09.

Problem Results Summary:
=======================================================================================================================
GMM   Objective    Projected    Reduced Hessian  Reduced Hessian  Clipped  Clipped  Weighting Matrix  Covariance Matrix
Step    Value    Gradient Norm  Min Eigenvalue   Max Eigenvalue   Shares    Costs   Condition Number  Condition Number 
----  ---------  -------------  ---------------  ---------------  -------  -------  ----------------  -----------------
 2    +1.1E+02     +8.8E-06        +0.0E+00         +1.7E+00         0        0         +6.0E+10          +1.3E+24     
=======================================================================================================================

Cumulative Statistics:
===========================================================================
Computation  Optimizer  Optimization   Objective   Fixed Point  Contraction
   Time      Converged   Iterations   Evaluations  Iterations   Evaluations
-----------  ---------  ------------  -----------  -----------  -----------
 00:14:17       Yes          21           28          3395         10459   
===========================================================================

Nonlinear Coefficient Estimates (Robust SEs Adjusted for 379 Clusters in Parentheses):
=======================================================================================
Sigma:      1        prices      hpwt        mpd        space     |   Pi:     1/income 
------  ----------  --------  ----------  ----------  ----------  |  ------  ----------
  1      +0.0E+00                                                 |    1      +0.0E+00 
        (+2.2E-13)                                                |                    
                                                                  |                    
prices   +0.0E+00   +0.0E+00                                      |  prices   -1.1E+01 
                                                                  |          (+1.8E+00)
                                                                  |                    
 hpwt    +0.0E+00   +0.0E+00   +5.2E+00                           |   hpwt    +0.0E+00 
                              (+2.2E+00)                          |                    
                                                                  |                    
 mpd     +0.0E+00   +0.0E+00   +0.0E+00    +0.0E+00               |   mpd     +0.0E+00 
                                             (NAN)                |                    
                                                                  |                    
space    +0.0E+00   +0.0E+00   +0.0E+00    +0.0E+00    +0.0E+00   |  space    +0.0E+00 
                                                         (NAN)    |                    
=======================================================================================

Beta Estimates (Robust SEs Adjusted for 379 Clusters in Parentheses):
==================================
   hpwt        mpd        space   
----------  ----------  ----------
 +2.3E+00    +1.7E+00    +2.1E+00 
(+3.2E+00)  (+3.6E-01)  (+8.5E-01)
==================================

Gamma Estimates (Robust SEs Adjusted for 379 Clusters in Parentheses):
==========================================================
    1       log(hpwt)    log(mpg)   log(space)    trend   
----------  ----------  ----------  ----------  ----------
 +3.5E+00    +7.8E-01    -2.6E-01    +1.7E+00    +6.0E-03 
(+9.7E-02)  (+6.1E-02)  (+7.1E-02)  (+1.0E-01)  (+3.0E-03)
==========================================================
Computing optimal instruments for theta ...
Computed optimal instruments after 00:00:19.

Optimal Instrument Results Summary:
=================================================
Computation  Error Term  Fixed Point  Contraction
   Time        Draws     Iterations   Evaluations
-----------  ----------  -----------  -----------
 00:00:19        1           180          180    
=================================================
Re-creating the problem ...
Absorbing demand-side fixed effects ...
Re-created the problem after 00:00:00.

Dimensions:
==============================================================
 T    N     F     I     K1    K2    K3    D    MD    MS    ED 
---  ----  ---  -----  ----  ----  ----  ---  ----  ----  ----
10   2439  18   31250   3     5     5     1    12    13    1  
==============================================================

Formulations:
===============================================================================
       Column Indices:            0          1         2          3         4  
-----------------------------  --------  ---------  --------  ----------  -----
 X1: Linear Characteristics      hpwt       mpd      space                     
X2: Nonlinear Characteristics     1       prices      hpwt       mpd      space
X3: Log Cost Characteristics      1      log(hpwt)  log(mpg)  log(space)  trend
       d: Demographics         1/income                                        
===============================================================================
Solving the problem ...

Nonlinear Coefficient Initial Values:
=============================================================================
Sigma:     1       prices     hpwt      mpd      space    |   Pi:    1/income
------  --------  --------  --------  --------  --------  |  ------  --------
  1     +0.0E+00                                          |    1     +0.0E+00
prices  +0.0E+00  +0.0E+00                                |  prices  -1.1E+01
 hpwt   +0.0E+00  +0.0E+00  +5.2E+00                      |   hpwt   +0.0E+00
 mpd    +0.0E+00  +0.0E+00  +0.0E+00  +0.0E+00            |   mpd    +0.0E+00
space   +0.0E+00  +0.0E+00  +0.0E+00  +0.0E+00  +0.0E+00  |  space   +0.0E+00
=============================================================================

Nonlinear Coefficient Lower Bounds:
=============================================================================
Sigma:     1       prices     hpwt      mpd      space    |   Pi:    1/income
------  --------  --------  --------  --------  --------  |  ------  --------
  1     +0.0E+00                                          |    1     +0.0E+00
prices  +0.0E+00  +0.0E+00                                |  prices    -INF  
 hpwt   +0.0E+00  +0.0E+00    -INF                        |   hpwt   +0.0E+00
 mpd    +0.0E+00  +0.0E+00  +0.0E+00  +0.0E+00            |   mpd    +0.0E+00
space   +0.0E+00  +0.0E+00  +0.0E+00  +0.0E+00  +0.0E+00  |  space   +0.0E+00
=============================================================================

Nonlinear Coefficient Upper Bounds:
=============================================================================
Sigma:     1       prices     hpwt      mpd      space    |   Pi:    1/income
------  --------  --------  --------  --------  --------  |  ------  --------
  1     +0.0E+00                                          |    1     +0.0E+00
prices  +0.0E+00  +0.0E+00                                |  prices    +INF  
 hpwt   +0.0E+00  +0.0E+00    +INF                        |   hpwt   +0.0E+00
 mpd    +0.0E+00  +0.0E+00  +0.0E+00  +0.0E+00            |   mpd    +0.0E+00
space   +0.0E+00  +0.0E+00  +0.0E+00  +0.0E+00  +0.0E+00  |  space   +0.0E+00
=============================================================================

Starting optimization ...

GMM   Optimization   Objective   Fixed Point  Contraction  Clipped  Objective   Objective   Gradient                    
Step   Iterations   Evaluations  Iterations   Evaluations  Shares     Value    Improvement    Norm          Theta       
----  ------------  -----------  -----------  -----------  -------  ---------  -----------  --------  ------------------
 1         0             1           96           301         0     +9.5E+01                +1.1E+01  +5.2E+00, -1.1E+01
 1         0             2           98           301         0     +8.2E+01    +1.3E+01    +9.0E+00  +4.4E+00, -1.1E+01
 1         1             3           78           249         0     +6.1E+01    +2.1E+01    +6.9E+00  +3.5E+00, -8.5E+00
 1         2             4           54           171         0     +4.8E+01    +1.4E+01    +1.6E+00  +4.4E-01, -5.5E+00
 1         3             5           57           179         0     +4.7E+01    +3.6E-01    +6.9E-01  +2.6E-01, -6.5E+00
 1         4             6           56           176         0     +4.7E+01    +1.2E-01    +1.5E-01  +2.2E-01, -6.2E+00
 1         5             7           56           175         0     +4.7E+01    +1.3E-02    +8.3E-02  +1.5E-01, -6.1E+00
 1         6             8           56           176         0     +4.7E+01    +4.2E-03    +4.4E-02  +7.9E-02, -6.1E+00
 1         7             9           56           175         0     +4.7E+01    +2.1E-03    +7.3E-03  +1.7E-03, -6.1E+00
 1         8            10           56           175         0     +4.7E+01    +1.3E-05    +8.6E-04  -3.3E-04, -6.1E+00
 1         9            11           56           176         0     +4.7E+01    +2.1E-07    +1.8E-05  -3.3E-05, -6.1E+00
 1         10           12           56           175         0     +4.7E+01    +3.4E-10    +4.8E-07  -8.6E-07, -6.1E+00

Optimization completed after 00:02:18.
Computing the Hessian and estimating standard errors ...
Computed results after 00:00:56.

Problem Results Summary:
=======================================================================================================
GMM   Objective  Gradient      Hessian         Hessian     Clipped  Weighting Matrix  Covariance Matrix
Step    Value      Norm    Min Eigenvalue  Max Eigenvalue  Shares   Condition Number  Condition Number 
----  ---------  --------  --------------  --------------  -------  ----------------  -----------------
 1    +4.7E+01   +4.8E-07     +5.6E-01        +2.1E+00        0         +3.3E+35          +1.2E+22     
=======================================================================================================

Cumulative Statistics:
===========================================================================
Computation  Optimizer  Optimization   Objective   Fixed Point  Contraction
   Time      Converged   Iterations   Evaluations  Iterations   Evaluations
-----------  ---------  ------------  -----------  -----------  -----------
 00:03:14       Yes          11           13           831         2604    
===========================================================================

Nonlinear Coefficient Estimates (Robust SEs in Parentheses):
=================================================================================
Sigma:     1       prices      hpwt       mpd      space    |   Pi:     1/income 
------  --------  --------  ----------  --------  --------  |  ------  ----------
  1     +0.0E+00                                            |    1      +0.0E+00 
                                                            |                    
                                                            |                    
prices  +0.0E+00  +0.0E+00                                  |  prices   -6.1E+00 
                                                            |          (+1.0E+00)
                                                            |                    
 hpwt   +0.0E+00  +0.0E+00   -8.6E-07                       |   hpwt    +0.0E+00 
                            (+4.7E-07)                      |                    
                                                            |                    
 mpd    +0.0E+00  +0.0E+00   +0.0E+00   +0.0E+00            |   mpd     +0.0E+00 
                                                            |                    
                                                            |                    
space   +0.0E+00  +0.0E+00   +0.0E+00   +0.0E+00  +0.0E+00  |  space    +0.0E+00 
                                                            |                    
=================================================================================

Beta Estimates (Robust SEs in Parentheses):
==================================
   hpwt        mpd        space   
----------  ----------  ----------
 +3.5E+00    +1.1E+00    +9.6E-01 
(+9.0E-01)  (+1.8E-01)  (+4.3E-01)
==================================

Gamma Estimates (Robust SEs in Parentheses):
==========================================================
    1       log(hpwt)    log(mpg)   log(space)    trend   
----------  ----------  ----------  ----------  ----------
 +3.6E+00    +6.3E-01    -6.1E-01    +2.0E+00    +1.5E-02 
(+1.1E-01)  (+7.0E-02)  (+5.9E-02)  (+1.8E-01)  (+3.5E-03)
==========================================================
