Detected collinearity issues with [demand_instruments0, demand_instruments2, demand_instruments3] and at least one other column in ZD. Absorbed fixed effects may be creating collinearity problems. To disable collinearity checks, set options.collinear_atol = options.collinear_rtol = 0.
Detected collinearity issues with [demand_instruments0, demand_instruments2, demand_instruments3] and at least one other column in ZS. To disable collinearity checks, set options.collinear_atol = options.collinear_rtol = 0.
Detected that the 2SLS weighting matrix is nearly singular with condition number +8.8E+33. To disable singularity checks, set options.singular_tol = numpy.inf.
Detected that the estimated covariance matrix of aggregate GMM moments is nearly singular with condition number +1.1E+33. To disable singularity checks, set options.singular_tol = numpy.inf.
Detected that the estimated covariance matrix of aggregate GMM moments is nearly singular with condition number +6.3E+33. To disable singularity checks, set options.singular_tol = numpy.inf.
Initializing the problem ...
Absorbing demand-side fixed effects ...
Initialized the problem after 00:00:00.

Dimensions:
==============================================================
 T    N     F     I     K1    K2    K3    D    MD    MS    ED 
---  ----  ---  -----  ----  ----  ----  ---  ----  ----  ----
10   2439  18   31250   3     5     5     1    11    15    1  
==============================================================

Formulations:
===============================================================================
       Column Indices:            0          1         2          3         4  
-----------------------------  --------  ---------  --------  ----------  -----
 X1: Linear Characteristics      hpwt       mpd      space                     
X2: Nonlinear Characteristics     1       prices      hpwt       mpd      space
X3: Log Cost Characteristics      1      log(hpwt)  log(mpg)  log(space)  trend
       d: Demographics         1/income                                        
===============================================================================
Solving the problem ...

Nonlinear Coefficient Initial Values:
=============================================================================
Sigma:     1       prices     hpwt      mpd      space    |   Pi:    1/income
------  --------  --------  --------  --------  --------  |  ------  --------
  1     +1.5E+00                                          |    1     +0.0E+00
prices  +0.0E+00  +0.0E+00                                |  prices  -1.4E+01
 hpwt   +0.0E+00  +0.0E+00  +8.5E+00                      |   hpwt   +0.0E+00
 mpd    +0.0E+00  +0.0E+00  +0.0E+00  +8.5E+00            |   mpd    +0.0E+00
space   +0.0E+00  +0.0E+00  +0.0E+00  +0.0E+00  +8.5E+00  |  space   +0.0E+00
=============================================================================

Nonlinear Coefficient Lower Bounds:
=============================================================================
Sigma:     1       prices     hpwt      mpd      space    |   Pi:    1/income
------  --------  --------  --------  --------  --------  |  ------  --------
  1     +0.0E+00                                          |    1     +0.0E+00
prices  +0.0E+00  +0.0E+00                                |  prices  -1.0E+02
 hpwt   +0.0E+00  +0.0E+00  +0.0E+00                      |   hpwt   +0.0E+00
 mpd    +0.0E+00  +0.0E+00  +0.0E+00  +0.0E+00            |   mpd    +0.0E+00
space   +0.0E+00  +0.0E+00  +0.0E+00  +0.0E+00  +0.0E+00  |  space   +0.0E+00
=============================================================================

Nonlinear Coefficient Upper Bounds:
=============================================================================
Sigma:     1       prices     hpwt      mpd      space    |   Pi:    1/income
------  --------  --------  --------  --------  --------  |  ------  --------
  1     +1.0E+02                                          |    1     +0.0E+00
prices  +0.0E+00  +0.0E+00                                |  prices  -1.0E-01
 hpwt   +0.0E+00  +0.0E+00  +1.0E+02                      |   hpwt   +0.0E+00
 mpd    +0.0E+00  +0.0E+00  +0.0E+00  +1.0E+02            |   mpd    +0.0E+00
space   +0.0E+00  +0.0E+00  +0.0E+00  +0.0E+00  +1.0E+02  |  space   +0.0E+00
=============================================================================

Updating starting values for the weighting matrix and delta ...
Computed results after 00:00:22.

Starting optimization ...

GMM   Optimization   Objective   Fixed Point  Contraction  Clipped  Clipped  Objective   Objective     Projected                                                    
Step   Iterations   Evaluations  Iterations   Evaluations  Shares    Costs     Value    Improvement  Gradient Norm                       Theta                      
----  ------------  -----------  -----------  -----------  -------  -------  ---------  -----------  -------------  ------------------------------------------------
 1         0             1            0           10          0        0     +5.6E+02                  +6.4E+01     +1.5E+00, +8.5E+00, +8.5E+00, +8.5E+00, -1.4E+01
 1         0             2           158          482         0        0     +2.9E+02    +2.8E+02      +1.5E+01     +0.0E+00, +1.4E+01, +0.0E+00, +0.0E+00, -1.3E+01
 1         1             3           144          444         0        0     +2.6E+02    +2.7E+01      +2.1E+00     +0.0E+00, +1.1E+01, +0.0E+00, +0.0E+00, -1.5E+01
 1         2             4           145          446         0        0     +2.6E+02    +1.2E+00      +1.2E+00     +0.0E+00, +1.1E+01, +0.0E+00, +0.0E+00, -1.5E+01
 1         3             5           142          437         0        0     +2.6E+02    +5.7E-01      +4.9E-01     +7.8E-04, +1.1E+01, +0.0E+00, +0.0E+00, -1.6E+01
 1         4             6           143          437         0        0     +2.6E+02    +1.2E-01      +1.9E-01     +0.0E+00, +1.1E+01, +0.0E+00, +0.0E+00, -1.6E+01
 1         5             7           149          455         0        0     +2.6E+02    +5.4E-02      +2.5E-01     +1.2E-02, +1.1E+01, +0.0E+00, +0.0E+00, -1.7E+01
 1         6             8           151          460         0        0     +2.6E+02    +1.7E-02      +2.3E-01     +0.0E+00, +1.1E+01, +0.0E+00, +6.4E-03, -1.7E+01
 1         7             9           151          460         0        0     +2.6E+02    +1.7E-03      +1.8E-01     +8.4E-03, +1.1E+01, +0.0E+00, +0.0E+00, -1.7E+01
 1         8            10           147          448         0        0     +2.6E+02    +1.1E-03      +7.2E-03     +0.0E+00, +1.1E+01, +0.0E+00, +0.0E+00, -1.7E+01
 1         9            11           146          448         0        0     +2.6E+02    +3.1E-05      +5.6E-03     +0.0E+00, +1.1E+01, +4.6E-04, +0.0E+00, -1.7E+01
 1         10           12           146          444         0        0     +2.6E+02    +1.2E-06      +2.6E-04     +1.1E-05, +1.1E+01, +0.0E+00, +0.0E+00, -1.7E+01
 1         11           13           147          446         0        0     +2.6E+02    +5.4E-08      +1.1E-05     +0.0E+00, +1.1E+01, +0.0E+00, +0.0E+00, -1.7E+01

Optimization completed after 00:04:11.
Computing the Hessian and and updating the weighting matrix ...
Computed results after 00:03:35.

Problem Results Summary:
====================================================================================================
GMM   Objective    Projected    Reduced Hessian  Reduced Hessian  Clipped  Clipped  Weighting Matrix
Step    Value    Gradient Norm  Min Eigenvalue   Max Eigenvalue   Shares    Costs   Condition Number
----  ---------  -------------  ---------------  ---------------  -------  -------  ----------------
 1    +2.6E+02     +1.1E-05        +0.0E+00         +1.7E+00         0        0         +1.2E+09    
====================================================================================================

Starting optimization ...

GMM   Optimization   Objective   Fixed Point  Contraction  Clipped  Clipped  Objective   Objective     Projected                                                    
Step   Iterations   Evaluations  Iterations   Evaluations  Shares    Costs     Value    Improvement  Gradient Norm                       Theta                      
----  ------------  -----------  -----------  -----------  -------  -------  ---------  -----------  -------------  ------------------------------------------------
 2         0             1            0           10          0        0     +2.9E+02                  +4.2E+00     +0.0E+00, +1.1E+01, +0.0E+00, +0.0E+00, -1.7E+01
 2         0             2           137          417         0        0     +3.1E+02                  +1.1E+01     +0.0E+00, +6.8E+00, +6.4E-16, +1.2E-16, -1.8E+01
 2         0             3           131          399         0        0     +2.9E+02    +1.8E+00      +1.2E+00     +0.0E+00, +1.0E+01, +1.0E-16, +1.9E-17, -1.7E+01
 2         1             4           130          397         0        0     +2.9E+02    +5.3E-01      +1.4E+00     +3.2E-16, +1.0E+01, +1.2E-15, +0.0E+00, -1.7E+01
 2         2             5           113          347         0        0     +2.8E+02    +1.8E+00      +2.0E+00     +0.0E+00, +8.7E+00, +0.0E+00, +0.0E+00, -1.5E+01
 2         3             6           101          314         0        0     +2.8E+02    +3.0E+00      +5.0E-01     +4.1E-14, +5.8E+00, +0.0E+00, +0.0E+00, -1.2E+01
 2         4             7           103          318         0        0     +2.8E+02                  +4.8E-01     +0.0E+00, +6.4E+00, +1.2E-15, +2.2E-16, -1.3E+01
 2         4             8           104          321         0        0     +2.8E+02    +4.4E-02      +1.2E-01     +2.6E-14, +6.0E+00, +4.5E-16, +8.1E-17, -1.2E+01
 2         5             9           103          318         0        0     +2.8E+02    +2.4E-03      +1.1E-01     +0.0E+00, +6.0E+00, +0.0E+00, +3.4E-15, -1.2E+01
 2         6            10           101          315         0        0     +2.8E+02    +8.6E-03      +1.4E-02     +2.5E-12, +5.8E+00, +0.0E+00, +0.0E+00, -1.2E+01
 2         7            11           102          315         0        0     +2.8E+02    +1.8E-04      +2.0E-03     +0.0E+00, +5.8E+00, +1.2E-15, +0.0E+00, -1.2E+01
 2         8            12           103          319         0        0     +2.8E+02    +3.7E-06      +4.9E-05     +7.0E-12, +5.8E+00, +0.0E+00, +7.0E-16, -1.2E+01
 2         9            13           103          319         0        0     +2.8E+02    +2.1E-09      +1.7E-07     +0.0E+00, +5.8E+00, +2.6E-16, +0.0E+00, -1.2E+01

Optimization completed after 00:03:56.
Computing the Hessian and estimating standard errors ...
Computed results after 00:03:20.

Problem Results Summary:
=======================================================================================================================
GMM   Objective    Projected    Reduced Hessian  Reduced Hessian  Clipped  Clipped  Weighting Matrix  Covariance Matrix
Step    Value    Gradient Norm  Min Eigenvalue   Max Eigenvalue   Shares    Costs   Condition Number  Condition Number 
----  ---------  -------------  ---------------  ---------------  -------  -------  ----------------  -----------------
 2    +2.8E+02     +1.7E-07        +0.0E+00         +1.5E+01         0        0         +1.2E+09          +6.4E+20     
=======================================================================================================================

Cumulative Statistics:
===========================================================================
Computation  Optimizer  Optimization   Objective   Fixed Point  Contraction
   Time      Converged   Iterations   Evaluations  Iterations   Evaluations
-----------  ---------  ------------  -----------  -----------  -----------
 00:15:24       Yes          22           29          3564         10949   
===========================================================================

Nonlinear Coefficient Estimates (Robust SEs in Parentheses):
=======================================================================================
Sigma:      1        prices      hpwt        mpd        space     |   Pi:     1/income 
------  ----------  --------  ----------  ----------  ----------  |  ------  ----------
  1      +0.0E+00                                                 |    1      +0.0E+00 
        (+4.4E-13)                                                |                    
                                                                  |                    
prices   +0.0E+00   +0.0E+00                                      |  prices   -1.2E+01 
                                                                  |          (+1.7E+00)
                                                                  |                    
 hpwt    +0.0E+00   +0.0E+00   +5.8E+00                           |   hpwt    +0.0E+00 
                              (+2.1E+00)                          |                    
                                                                  |                    
 mpd     +0.0E+00   +0.0E+00   +0.0E+00    +2.6E-16               |   mpd     +0.0E+00 
                                          (+1.1E-12)              |                    
                                                                  |                    
space    +0.0E+00   +0.0E+00   +0.0E+00    +0.0E+00    +0.0E+00   |  space    +0.0E+00 
                                                      (+1.9E-13)  |                    
=======================================================================================

Beta Estimates (Robust SEs in Parentheses):
==================================
   hpwt        mpd        space   
----------  ----------  ----------
 +3.1E+00    +2.1E+00    +2.0E+00 
(+3.2E+00)  (+3.0E-01)  (+5.5E-01)
==================================

Gamma Estimates (Robust SEs in Parentheses):
==========================================================
    1       log(hpwt)    log(mpg)   log(space)    trend   
----------  ----------  ----------  ----------  ----------
 +3.7E+00    +7.9E-01    -3.8E-01    +1.6E+00    +1.1E-02 
(+5.1E-02)  (+3.7E-02)  (+4.2E-02)  (+5.3E-02)  (+2.6E-03)
==========================================================
Computing optimal instruments for theta ...
Computed optimal instruments after 00:00:20.

Optimal Instrument Results Summary:
=================================================
Computation  Error Term  Fixed Point  Contraction
   Time        Draws     Iterations   Evaluations
-----------  ----------  -----------  -----------
 00:00:20        1           198          198    
=================================================
Re-creating the problem ...
Absorbing demand-side fixed effects ...
Re-created the problem after 00:00:00.

Dimensions:
==============================================================
 T    N     F     I     K1    K2    K3    D    MD    MS    ED 
---  ----  ---  -----  ----  ----  ----  ---  ----  ----  ----
10   2439  18   31250   3     5     5     1    12    13    1  
==============================================================

Formulations:
===============================================================================
       Column Indices:            0          1         2          3         4  
-----------------------------  --------  ---------  --------  ----------  -----
 X1: Linear Characteristics      hpwt       mpd      space                     
X2: Nonlinear Characteristics     1       prices      hpwt       mpd      space
X3: Log Cost Characteristics      1      log(hpwt)  log(mpg)  log(space)  trend
       d: Demographics         1/income                                        
===============================================================================
Solving the problem ...

Nonlinear Coefficient Initial Values:
=============================================================================
Sigma:     1       prices     hpwt      mpd      space    |   Pi:    1/income
------  --------  --------  --------  --------  --------  |  ------  --------
  1     +0.0E+00                                          |    1     +0.0E+00
prices  +0.0E+00  +0.0E+00                                |  prices  -1.2E+01
 hpwt   +0.0E+00  +0.0E+00  +5.8E+00                      |   hpwt   +0.0E+00
 mpd    +0.0E+00  +0.0E+00  +0.0E+00  +2.6E-16            |   mpd    +0.0E+00
space   +0.0E+00  +0.0E+00  +0.0E+00  +0.0E+00  +0.0E+00  |  space   +0.0E+00
=============================================================================

Nonlinear Coefficient Lower Bounds:
=============================================================================
Sigma:     1       prices     hpwt      mpd      space    |   Pi:    1/income
------  --------  --------  --------  --------  --------  |  ------  --------
  1     +0.0E+00                                          |    1     +0.0E+00
prices  +0.0E+00  +0.0E+00                                |  prices    -INF  
 hpwt   +0.0E+00  +0.0E+00    -INF                        |   hpwt   +0.0E+00
 mpd    +0.0E+00  +0.0E+00  +0.0E+00    -INF              |   mpd    +0.0E+00
space   +0.0E+00  +0.0E+00  +0.0E+00  +0.0E+00  +0.0E+00  |  space   +0.0E+00
=============================================================================

Nonlinear Coefficient Upper Bounds:
=============================================================================
Sigma:     1       prices     hpwt      mpd      space    |   Pi:    1/income
------  --------  --------  --------  --------  --------  |  ------  --------
  1     +0.0E+00                                          |    1     +0.0E+00
prices  +0.0E+00  +0.0E+00                                |  prices    +INF  
 hpwt   +0.0E+00  +0.0E+00    +INF                        |   hpwt   +0.0E+00
 mpd    +0.0E+00  +0.0E+00  +0.0E+00    +INF              |   mpd    +0.0E+00
space   +0.0E+00  +0.0E+00  +0.0E+00  +0.0E+00  +0.0E+00  |  space   +0.0E+00
=============================================================================

Starting optimization ...

GMM   Optimization   Objective   Fixed Point  Contraction  Clipped  Objective   Objective   Gradient                              
Step   Iterations   Evaluations  Iterations   Evaluations  Shares     Value    Improvement    Norm               Theta            
----  ------------  -----------  -----------  -----------  -------  ---------  -----------  --------  ----------------------------
 1         0             1           105          324         0     +1.1E+02                +1.2E+01  +5.8E+00, +2.6E-16, -1.2E+01
 1         0             2           95           293         0     +9.6E+01    +1.5E+01    +1.0E+01  +5.0E+00, +1.1E-15, -1.2E+01
 1         1             3           88           275         0     +7.0E+01    +2.5E+01    +9.1E+00  +4.3E+00, -2.3E-14, -9.2E+00
 1         2             4           56           177         0     +4.3E+01    +2.7E+01    +1.1E+00  +8.1E-01, +4.4E-13, -5.9E+00
 1         3             5           55           175         0     +4.3E+01    +2.2E-01    +9.2E-01  +6.3E-01, +1.1E-12, -5.2E+00
 1         4             6           54           171         0     +4.3E+01    +1.3E-01    +2.2E-01  +5.8E-01, +3.0E-12, -5.5E+00
 1         5             7           54           171         0     +4.3E+01    +2.0E-02    +1.7E-01  +4.8E-01, +1.0E-11, -5.5E+00
 1         6             8           54           173         0     +4.3E+01    +2.8E-02    +7.1E-02  +2.4E-01, +8.5E-11, -5.5E+00
 1         7             9           54           173         0     +4.3E+01    +7.6E-03    +1.8E-02  +6.2E-02, +5.1E-10, -5.5E+00
 1         8            10           54           171         0     +4.3E+01    +5.4E-04    +1.4E-03  +4.3E-03, +2.4E-09, -5.5E+00
 1         9            11           54           172         0     +4.3E+01    +2.9E-06    +3.5E-04  +5.3E-05, +9.6E-09, -5.5E+00
 1         10           12           54           172         0     +4.3E+01    +2.1E-08    +5.4E-05  -1.6E-05, +3.7E-08, -5.5E+00
 1         11           13           54           171         0     +4.3E+01    +5.4E-10    +4.3E-07  -1.0E-06, +1.5E-07, -5.5E+00

Optimization completed after 00:02:56.
Computing the Hessian and estimating standard errors ...
Computed results after 00:01:32.

Problem Results Summary:
=======================================================================================================
GMM   Objective  Gradient      Hessian         Hessian     Clipped  Weighting Matrix  Covariance Matrix
Step    Value      Norm    Min Eigenvalue  Max Eigenvalue  Shares   Condition Number  Condition Number 
----  ---------  --------  --------------  --------------  -------  ----------------  -----------------
 1    +4.3E+01   +4.3E-07     -2.7E+00        +2.9E+00        0         +3.6E+35          +3.1E+22     
=======================================================================================================

Cumulative Statistics:
===========================================================================
Computation  Optimizer  Optimization   Objective   Fixed Point  Contraction
   Time      Converged   Iterations   Evaluations  Iterations   Evaluations
-----------  ---------  ------------  -----------  -----------  -----------
 00:04:29       Yes          12           14           885         2789    
===========================================================================

Nonlinear Coefficient Estimates (Robust SEs in Parentheses):
===================================================================================
Sigma:     1       prices      hpwt        mpd       space    |   Pi:     1/income 
------  --------  --------  ----------  ----------  --------  |  ------  ----------
  1     +0.0E+00                                              |    1      +0.0E+00 
                                                              |                    
                                                              |                    
prices  +0.0E+00  +0.0E+00                                    |  prices   -5.5E+00 
                                                              |          (+8.3E-01)
                                                              |                    
 hpwt   +0.0E+00  +0.0E+00   -1.0E-06                         |   hpwt    +0.0E+00 
                            (+5.5E-07)                        |                    
                                                              |                    
 mpd    +0.0E+00  +0.0E+00   +0.0E+00    +1.5E-07             |   mpd     +0.0E+00 
                                        (+8.9E-08)            |                    
                                                              |                    
space   +0.0E+00  +0.0E+00   +0.0E+00    +0.0E+00   +0.0E+00  |  space    +0.0E+00 
                                                              |                    
===================================================================================

Beta Estimates (Robust SEs in Parentheses):
==================================
   hpwt        mpd        space   
----------  ----------  ----------
 +3.3E+00    +1.0E+00    +8.9E-01 
(+8.9E-01)  (+1.8E-01)  (+4.1E-01)
==================================

Gamma Estimates (Robust SEs in Parentheses):
==========================================================
    1       log(hpwt)    log(mpg)   log(space)    trend   
----------  ----------  ----------  ----------  ----------
 +3.5E+00    +6.5E-01    -6.1E-01    +2.1E+00    +1.5E-02 
(+1.2E-01)  (+7.5E-02)  (+6.2E-02)  (+2.1E-01)  (+3.7E-03)
==========================================================
